#
# A fatal error has been detected by the Java Runtime Environment:
#
#  EXCEPTION_ACCESS_VIOLATION (0xc0000005) at pc=0x00007ffc88f20317, pid=12152, tid=0x0000000000003640
#
# JRE version: Java(TM) SE Runtime Environment (8.0_152-b16) (build 1.8.0_152-b16)
# Java VM: Java HotSpot(TM) 64-Bit Server VM (25.152-b16 mixed mode windows-amd64 compressed oops)
# Problematic frame:
# C  [ntdll.dll+0x10317]
#
# Failed to write core dump. Minidumps are not enabled by default on client versions of Windows
#
# If you would like to submit a bug report, please visit:
#   http://bugreport.java.com/bugreport/crash.jsp
# The crash happened outside the Java Virtual Machine in native code.
# See problematic frame for where to report the bug.
#

---------------  T H R E A D  ---------------

Current thread (0x0000000017770800):  JavaThread "Finalizer" daemon [_thread_in_native, id=13888, stack(0x0000000017b50000,0x0000000017c50000)]

siginfo: ExceptionCode=0xc0000005, reading address 0x00000ee300000ee8

Registers:
RAX=0x000000001bd4adf0, RBX=0x0000000000d06ca0, RCX=0x000000000006c7f0, RDX=0xdd06616e6d550348
RSP=0x0000000017c4f170, RBP=0x000000001bdb75f0, RSI=0x0000000000000000, RDI=0x0000000000c50000
R8 =0x000000001bdb75f0, R9 =0x0000000000008000, R10=0x00007ffc424fd6f0, R11=0x00000000030bba40
R12=0x0000000000000000, R13=0x0000000017c4f470, R14=0x000000001bdb75e0, R15=0x00000ee300000ee0
RIP=0x00007ffc88f20317, EFLAGS=0x0000000000010202

Top of Stack: (sp=0x0000000017c4f170)
0x0000000017c4f170:   0000000000c50000 0000000000d07fc0
0x0000000017c4f180:   0000000000000158 0000000002f0c91e
0x0000000017c4f190:   0000000017770800 0000000017770800
0x0000000017c4f1a0:   0000000017770800 0000000000000000
0x0000000017c4f1b0:   0000000000d06c50 0000000000000000
0x0000000017c4f1c0:   0000000000000000 0000000000000000
0x0000000017c4f1d0:   0000000017770800 0000000017c4f350
0x0000000017c4f1e0:   0000000017c4f470 000000001bfef3e0
0x0000000017c4f1f0:   0000000000000000 000000001b01c288
0x0000000017c4f200:   0000000017c4f360 00007ffc85b9d92b
0x0000000017c4f210:   0000000000d06ca0 0000000000000000
0x0000000017c4f220:   0000000000000000 0000000400000045
0x0000000017c4f230:   000000001b01c288 00007ffc46a5d035
0x0000000017c4f240:   000000001bfeef30 0000000000000000
0x0000000017c4f250:   0000000000000000 0000000000000000
0x0000000017c4f260:   0000000017770800 0000000017c4f350 

Instructions: (pc=0x00007ffc88f20317)
0x00007ffc88f202f7:   0f 85 88 72 09 00 48 c1 e9 0c 49 8b c6 48 2b c1
0x00007ffc88f20307:   4c 8b 38 4d 85 ff 0f 84 72 72 09 00 41 0f 0d 0f
0x00007ffc88f20317:   4d 8b 4f 08 41 8b 46 0c c1 e8 08 44 0f b7 e8 49
0x00007ffc88f20327:   8b 07 4c 89 4c 24 40 48 8b 08 41 8b 41 18 41 33 


Register to memory mapping:

RAX=0x000000001bd4adf0 is an unknown value
RBX=0x0000000000d06ca0 is an unknown value
RCX=0x000000000006c7f0 is an unknown value
RDX=0xdd06616e6d550348 is an unknown value
RSP=0x0000000017c4f170 is pointing into the stack for thread: 0x0000000017770800
RBP=0x000000001bdb75f0 is an unknown value
RSI=0x0000000000000000 is an unknown value
RDI=0x0000000000c50000 is an unknown value
R8 =0x000000001bdb75f0 is an unknown value
R9 =0x0000000000008000 is an unknown value
R10=0x00007ffc424fd6f0 is an unknown value
R11=0x00000000030bba40 is at entry_point+0 in (nmethod*)0x00000000030bb8d0
R12=0x0000000000000000 is an unknown value
R13=0x0000000017c4f470 is pointing into the stack for thread: 0x0000000017770800
R14=0x000000001bdb75e0 is an unknown value
R15=0x00000ee300000ee0 is an unknown value


Stack: [0x0000000017b50000,0x0000000017c50000],  sp=0x0000000017c4f170,  free space=1020k
Native frames: (J=compiled Java code, j=interpreted, Vv=VM code, C=native code)
C  [ntdll.dll+0x10317]
C  [ucrtbase.dll+0xd92b]
C  [opencv_core342.dll+0xed035]
C  0x00007ffc424fa4c7
C  0x00007ffc424fd705
C  0x0000000003069383

Java frames: (J=compiled Java code, j=interpreted, Vv=VM code)
J 1342  org.opencv.core.Mat.n_delete(J)V (0 bytes) @ 0x0000000003069301 [0x00000000030692c0+0x41]
J 1341 C1 org.opencv.core.Mat.finalize()V (12 bytes) @ 0x00000000030696c4 [0x0000000003069640+0x84]
J 571 C1 java.lang.ref.Finalizer.runFinalizer(Lsun/misc/JavaLangAccess;)V (62 bytes) @ 0x00000000030bb34c [0x00000000030badc0+0x58c]
J 570 C1 java.lang.ref.Finalizer.access$100(Ljava/lang/ref/Finalizer;Lsun/misc/JavaLangAccess;)V (6 bytes) @ 0x00000000030bba9c [0x00000000030bba40+0x5c]
j  java.lang.ref.Finalizer$FinalizerThread.run()V+45
v  ~StubRoutines::call_stub

---------------  P R O C E S S  ---------------

Java Threads: ( => current thread )
  0x0000000017b10000 JavaThread "D3D Screen Updater" daemon [_thread_blocked, id=8056, stack(0x0000000029660000,0x0000000029760000)]
  0x00000000199b7000 JavaThread "AWT-EventQueue-0" [_thread_blocked, id=14672, stack(0x0000000029560000,0x0000000029660000)]
  0x0000000018630000 JavaThread "AWT-Windows" daemon [_thread_in_native, id=14620, stack(0x0000000025ee0000,0x0000000025fe0000)]
  0x000000001862f800 JavaThread "AWT-Shutdown" [_thread_blocked, id=15728, stack(0x0000000025de0000,0x0000000025ee0000)]
  0x0000000018c2a800 JavaThread "Java2D Disposer" daemon [_thread_blocked, id=13424, stack(0x0000000025ce0000,0x0000000025de0000)]
  0x0000000019196000 JavaThread "JavaCPP Deallocator" daemon [_thread_blocked, id=12136, stack(0x000000001ad10000,0x000000001ae10000)]
  0x000000001781d800 JavaThread "Service Thread" daemon [_thread_blocked, id=13368, stack(0x0000000018340000,0x0000000018440000)]
  0x000000001779b800 JavaThread "C1 CompilerThread3" daemon [_thread_blocked, id=7688, stack(0x0000000018240000,0x0000000018340000)]
  0x000000001778f800 JavaThread "C2 CompilerThread2" daemon [_thread_blocked, id=3796, stack(0x0000000018140000,0x0000000018240000)]
  0x000000001778c000 JavaThread "C2 CompilerThread1" daemon [_thread_blocked, id=11664, stack(0x0000000018040000,0x0000000018140000)]
  0x0000000017786000 JavaThread "C2 CompilerThread0" daemon [_thread_blocked, id=14744, stack(0x0000000017f40000,0x0000000018040000)]
  0x0000000017785000 JavaThread "Attach Listener" daemon [_thread_blocked, id=13556, stack(0x0000000017e40000,0x0000000017f40000)]
  0x0000000017784000 JavaThread "Signal Dispatcher" daemon [_thread_blocked, id=2216, stack(0x0000000017d40000,0x0000000017e40000)]
=>0x0000000017770800 JavaThread "Finalizer" daemon [_thread_in_native, id=13888, stack(0x0000000017b50000,0x0000000017c50000)]
  0x000000001588e800 JavaThread "Reference Handler" daemon [_thread_blocked, id=14244, stack(0x0000000017650000,0x0000000017750000)]
  0x0000000002d1a000 JavaThread "main" [_thread_in_vm, id=15352, stack(0x0000000002c10000,0x0000000002d10000)]

Other Threads:
  0x0000000015887800 VMThread [stack: 0x0000000017550000,0x0000000017650000] [id=3556]
  0x00000000178bf000 WatcherThread [stack: 0x0000000018440000,0x0000000018540000] [id=6928]

VM state:not at safepoint (normal execution)

VM Mutex/Monitor currently owned by a thread: None

Heap:
 PSYoungGen      total 23040K, used 8162K [0x00000000eb000000, 0x00000000eca80000, 0x0000000100000000)
  eden space 18944K, 27% used [0x00000000eb000000,0x00000000eb515bb0,0x00000000ec280000)
  from space 4096K, 72% used [0x00000000ec280000,0x00000000ec563030,0x00000000ec680000)
  to   space 4096K, 0% used [0x00000000ec680000,0x00000000ec680000,0x00000000eca80000)
 ParOldGen       total 44032K, used 13413K [0x00000000c1000000, 0x00000000c3b00000, 0x00000000eb000000)
  object space 44032K, 30% used [0x00000000c1000000,0x00000000c1d196b0,0x00000000c3b00000)
 Metaspace       used 15857K, capacity 16010K, committed 16256K, reserved 1062912K
  class space    used 1840K, capacity 1902K, committed 1920K, reserved 1048576K

Card table byte_map: [0x00000000121d0000,0x00000000123d0000] byte_map_base: 0x0000000011bc8000

Marking Bits: (ParMarkBitMap*) 0x0000000055fb0860
 Begin Bits: [0x0000000012d20000, 0x0000000013ce0000)
 End Bits:   [0x0000000013ce0000, 0x0000000014ca0000)

Polling page: 0x0000000002ae0000

CodeCache: size=245760Kb used=5305Kb max_used=5936Kb free=240454Kb
 bounds [0x0000000002e10000, 0x00000000033f0000, 0x0000000011e10000]
 total_blobs=2077 nmethods=1253 adapters=738
 compilation: enabled

Compilation events (10 events):
Event: 21.838 Thread 0x000000001779b800 1421       3       java.util.concurrent.locks.AbstractQueuedSynchronizer::enq (58 bytes)
Event: 21.839 Thread 0x000000001779b800 nmethod 1421 0x00000000030d3b10 code [0x00000000030d3ca0, 0x00000000030d41d0]
Event: 21.840 Thread 0x000000001779b800 1422  s    3       sun.java2d.d3d.D3DRenderQueue::getInstance (33 bytes)
Event: 21.841 Thread 0x000000001779b800 nmethod 1422 0x00000000030d57d0 code [0x00000000030d59e0, 0x00000000030d64d8]
Event: 21.968 Thread 0x000000001779b800 1423       3       org.opencv.core.Mat::<init> (12 bytes)
Event: 21.968 Thread 0x000000001779b800 nmethod 1423 0x00000000032b96d0 code [0x00000000032b9840, 0x00000000032b9a48]
Event: 22.161 Thread 0x000000001779b800 1425       1       java.awt.Component::getObjectLock (5 bytes)
Event: 22.161 Thread 0x000000001779b800 nmethod 1425 0x0000000002fad190 code [0x0000000002fad2e0, 0x0000000002fad3f0]
Event: 22.161 Thread 0x000000001779b800 1426       1       java.util.IdentityHashMap::size (5 bytes)
Event: 22.161 Thread 0x000000001779b800 nmethod 1426 0x00000000032d5990 code [0x00000000032d5ae0, 0x00000000032d5bf0]

GC Heap History (10 events):
Event: 20.492 GC heap before
{Heap before GC invocations=55 (full 0):
 PSYoungGen      total 23552K, used 21868K [0x00000000eb000000, 0x00000000ecb80000, 0x0000000100000000)
  eden space 18944K, 100% used [0x00000000eb000000,0x00000000ec280000,0x00000000ec280000)
  from space 4608K, 63% used [0x00000000ec700000,0x00000000ec9db030,0x00000000ecb80000)
  to   space 4608K, 0% used [0x00000000ec280000,0x00000000ec280000,0x00000000ec700000)
 ParOldGen       total 44032K, used 13245K [0x00000000c1000000, 0x00000000c3b00000, 0x00000000eb000000)
  object space 44032K, 30% used [0x00000000c1000000,0x00000000c1cef6b0,0x00000000c3b00000)
 Metaspace       used 15847K, capacity 16010K, committed 16256K, reserved 1062912K
  class space    used 1840K, capacity 1902K, committed 1920K, reserved 1048576K
Event: 20.493 GC heap after
Heap after GC invocations=55 (full 0):
 PSYoungGen      total 23552K, used 2956K [0x00000000eb000000, 0x00000000ecb80000, 0x0000000100000000)
  eden space 18944K, 0% used [0x00000000eb000000,0x00000000eb000000,0x00000000ec280000)
  from space 4608K, 64% used [0x00000000ec280000,0x00000000ec563030,0x00000000ec700000)
  to   space 4608K, 0% used [0x00000000ec700000,0x00000000ec700000,0x00000000ecb80000)
 ParOldGen       total 44032K, used 13277K [0x00000000c1000000, 0x00000000c3b00000, 0x00000000eb000000)
  object space 44032K, 30% used [0x00000000c1000000,0x00000000c1cf76b0,0x00000000c3b00000)
 Metaspace       used 15847K, capacity 16010K, committed 16256K, reserved 1062912K
  class space    used 1840K, capacity 1902K, committed 1920K, reserved 1048576K
}
Event: 20.969 GC heap before
{Heap before GC invocations=56 (full 0):
 PSYoungGen      total 23552K, used 21900K [0x00000000eb000000, 0x00000000ecb80000, 0x0000000100000000)
  eden space 18944K, 100% used [0x00000000eb000000,0x00000000ec280000,0x00000000ec280000)
  from space 4608K, 64% used [0x00000000ec280000,0x00000000ec563030,0x00000000ec700000)
  to   space 4608K, 0% used [0x00000000ec700000,0x00000000ec700000,0x00000000ecb80000)
 ParOldGen       total 44032K, used 13277K [0x00000000c1000000, 0x00000000c3b00000, 0x00000000eb000000)
  object space 44032K, 30% used [0x00000000c1000000,0x00000000c1cf76b0,0x00000000c3b00000)
 Metaspace       used 15851K, capacity 16010K, committed 16256K, reserved 1062912K
  class space    used 1840K, capacity 1902K, committed 1920K, reserved 1048576K
Event: 20.970 GC heap after
Heap after GC invocations=56 (full 0):
 PSYoungGen      total 23552K, used 2956K [0x00000000eb000000, 0x00000000ecb80000, 0x0000000100000000)
  eden space 18944K, 0% used [0x00000000eb000000,0x00000000eb000000,0x00000000ec280000)
  from space 4608K, 64% used [0x00000000ec700000,0x00000000ec9e3030,0x00000000ecb80000)
  to   space 4608K, 0% used [0x00000000ec280000,0x00000000ec280000,0x00000000ec700000)
 ParOldGen       total 44032K, used 13309K [0x00000000c1000000, 0x00000000c3b00000, 0x00000000eb000000)
  object space 44032K, 30% used [0x00000000c1000000,0x00000000c1cff6b0,0x00000000c3b00000)
 Metaspace       used 15851K, capacity 16010K, committed 16256K, reserved 1062912K
  class space    used 1840K, capacity 1902K, committed 1920K, reserved 1048576K
}
Event: 21.300 GC heap before
{Heap before GC invocations=57 (full 0):
 PSYoungGen      total 23552K, used 21900K [0x00000000eb000000, 0x00000000ecb80000, 0x0000000100000000)
  eden space 18944K, 100% used [0x00000000eb000000,0x00000000ec280000,0x00000000ec280000)
  from space 4608K, 64% used [0x00000000ec700000,0x00000000ec9e3030,0x00000000ecb80000)
  to   space 4608K, 0% used [0x00000000ec280000,0x00000000ec280000,0x00000000ec700000)
 ParOldGen       total 44032K, used 13309K [0x00000000c1000000, 0x00000000c3b00000, 0x00000000eb000000)
  object space 44032K, 30% used [0x00000000c1000000,0x00000000c1cff6b0,0x00000000c3b00000)
 Metaspace       used 15852K, capacity 16010K, committed 16256K, reserved 1062912K
  class space    used 1840K, capacity 1902K, committed 1920K, reserved 1048576K
Event: 21.302 GC heap after
Heap after GC invocations=57 (full 0):
 PSYoungGen      total 23552K, used 2956K [0x00000000eb000000, 0x00000000ecb80000, 0x0000000100000000)
  eden space 18944K, 0% used [0x00000000eb000000,0x00000000eb000000,0x00000000ec280000)
  from space 4608K, 64% used [0x00000000ec280000,0x00000000ec563030,0x00000000ec700000)
  to   space 4608K, 0% used [0x00000000ec700000,0x00000000ec700000,0x00000000ecb80000)
 ParOldGen       total 44032K, used 13357K [0x00000000c1000000, 0x00000000c3b00000, 0x00000000eb000000)
  object space 44032K, 30% used [0x00000000c1000000,0x00000000c1d0b6b0,0x00000000c3b00000)
 Metaspace       used 15852K, capacity 16010K, committed 16256K, reserved 1062912K
  class space    used 1840K, capacity 1902K, committed 1920K, reserved 1048576K
}
Event: 21.638 GC heap before
{Heap before GC invocations=58 (full 0):
 PSYoungGen      total 23552K, used 21900K [0x00000000eb000000, 0x00000000ecb80000, 0x0000000100000000)
  eden space 18944K, 100% used [0x00000000eb000000,0x00000000ec280000,0x00000000ec280000)
  from space 4608K, 64% used [0x00000000ec280000,0x00000000ec563030,0x00000000ec700000)
  to   space 4608K, 0% used [0x00000000ec700000,0x00000000ec700000,0x00000000ecb80000)
 ParOldGen       total 44032K, used 13357K [0x00000000c1000000, 0x00000000c3b00000, 0x00000000eb000000)
  object space 44032K, 30% used [0x00000000c1000000,0x00000000c1d0b6b0,0x00000000c3b00000)
 Metaspace       used 15852K, capacity 16010K, committed 16256K, reserved 1062912K
  class space    used 1840K, capacity 1902K, committed 1920K, reserved 1048576K
Event: 21.640 GC heap after
Heap after GC invocations=58 (full 0):
 PSYoungGen      total 22528K, used 2956K [0x00000000eb000000, 0x00000000eca80000, 0x0000000100000000)
  eden space 18944K, 0% used [0x00000000eb000000,0x00000000eb000000,0x00000000ec280000)
  from space 3584K, 82% used [0x00000000ec700000,0x00000000ec9e3030,0x00000000eca80000)
  to   space 4096K, 0% used [0x00000000ec280000,0x00000000ec280000,0x00000000ec680000)
 ParOldGen       total 44032K, used 13389K [0x00000000c1000000, 0x00000000c3b00000, 0x00000000eb000000)
  object space 44032K, 30% used [0x00000000c1000000,0x00000000c1d136b0,0x00000000c3b00000)
 Metaspace       used 15852K, capacity 16010K, committed 16256K, reserved 1062912K
  class space    used 1840K, capacity 1902K, committed 1920K, reserved 1048576K
}
Event: 22.159 GC heap before
{Heap before GC invocations=59 (full 0):
 PSYoungGen      total 22528K, used 21900K [0x00000000eb000000, 0x00000000eca80000, 0x0000000100000000)
  eden space 18944K, 100% used [0x00000000eb000000,0x00000000ec280000,0x00000000ec280000)
  from space 3584K, 82% used [0x00000000ec700000,0x00000000ec9e3030,0x00000000eca80000)
  to   space 4096K, 0% used [0x00000000ec280000,0x00000000ec280000,0x00000000ec680000)
 ParOldGen       total 44032K, used 13389K [0x00000000c1000000, 0x00000000c3b00000, 0x00000000eb000000)
  object space 44032K, 30% used [0x00000000c1000000,0x00000000c1d136b0,0x00000000c3b00000)
 Metaspace       used 15856K, capacity 16010K, committed 16256K, reserved 1062912K
  class space    used 1840K, capacity 1902K, committed 1920K, reserved 1048576K
Event: 22.160 GC heap after
Heap after GC invocations=59 (full 0):
 PSYoungGen      total 23040K, used 2956K [0x00000000eb000000, 0x00000000eca80000, 0x0000000100000000)
  eden space 18944K, 0% used [0x00000000eb000000,0x00000000eb000000,0x00000000ec280000)
  from space 4096K, 72% used [0x00000000ec280000,0x00000000ec563030,0x00000000ec680000)
  to   space 4096K, 0% used [0x00000000ec680000,0x00000000ec680000,0x00000000eca80000)
 ParOldGen       total 44032K, used 13413K [0x00000000c1000000, 0x00000000c3b00000, 0x00000000eb000000)
  object space 44032K, 30% used [0x00000000c1000000,0x00000000c1d196b0,0x00000000c3b00000)
 Metaspace       used 15856K, capacity 16010K, committed 16256K, reserved 1062912K
  class space    used 1840K, capacity 1902K, committed 1920K, reserved 1048576K
}

Deoptimization events (10 events):
Event: 11.615 Thread 0x0000000002d1a000 Uncommon trap: reason=unstable_if action=reinterpret pc=0x00000000030b627c method=java.util.HashMap.hash(Ljava/lang/Object;)I @ 1
Event: 11.615 Thread 0x0000000002d1a000 Uncommon trap: reason=unstable_if action=reinterpret pc=0x00000000033d1530 method=java.util.HashMap.hash(Ljava/lang/Object;)I @ 1
Event: 11.619 Thread 0x0000000002d1a000 Uncommon trap: reason=unstable_if action=reinterpret pc=0x0000000002f8aea8 method=java.util.HashMap.hash(Ljava/lang/Object;)I @ 1
Event: 11.629 Thread 0x0000000018630000 Uncommon trap: reason=bimorphic action=maybe_recompile pc=0x0000000003179c24 method=java.util.HashMap.putVal(ILjava/lang/Object;Ljava/lang/Object;ZZ)Ljava/lang/Object; @ 203
Event: 11.629 Thread 0x0000000018630000 Uncommon trap: reason=bimorphic action=maybe_recompile pc=0x0000000003179c24 method=java.util.HashMap.putVal(ILjava/lang/Object;Ljava/lang/Object;ZZ)Ljava/lang/Object; @ 203
Event: 11.629 Thread 0x0000000018630000 Uncommon trap: reason=bimorphic action=maybe_recompile pc=0x0000000003179c24 method=java.util.HashMap.putVal(ILjava/lang/Object;Ljava/lang/Object;ZZ)Ljava/lang/Object; @ 203
Event: 11.674 Thread 0x0000000002d1a000 Uncommon trap: reason=unstable_if action=reinterpret pc=0x0000000003179bf4 method=java.util.HashMap.putVal(ILjava/lang/Object;Ljava/lang/Object;ZZ)Ljava/lang/Object; @ 193
Event: 11.882 Thread 0x0000000002d1a000 Uncommon trap: reason=unstable_if action=reinterpret pc=0x00000000033416c0 method=com.github.object71.cameracontrol.common.Helpers.bright(Lorg/opencv/core/Mat;D)V @ 98
Event: 12.036 Thread 0x0000000002d1a000 Uncommon trap: reason=null_assert action=make_not_entrant pc=0x0000000003383774 method=com.github.object71.cameracontrol.models.FaceEyeHandler.getEyeCenter(Lorg/opencv/core/Mat;Lorg/opencv/core/Rect;)Lorg/opencv/core/Point; @ 351
Event: 12.177 Thread 0x0000000002d1a000 Uncommon trap: reason=unstable_if action=reinterpret pc=0x0000000002f5dfbc method=com.github.object71.cameracontrol.common.Helpers.bright(Lorg/opencv/core/Mat;D)V @ 98

Classes redefined (0 events):
No events

Internal exceptions (10 events):
Event: 11.322 Thread 0x0000000002d1a000 Exception <a 'java/io/FileNotFoundException'> (0x00000000eb4145c8) thrown at [C:\re\workspace\8-2-build-windows-amd64-cygwin\jdk8u152\9742\hotspot\src\share\vm\prims\jni.cpp, line 709]
Event: 11.376 Thread 0x0000000002d1a000 Exception <a 'java/lang/NoSuchFieldError': method resolution failed> (0x00000000eb4e1820) thrown at [C:\re\workspace\8-2-build-windows-amd64-cygwin\jdk8u152\9742\hotspot\src\share\vm\prims\methodHandles.cpp, line 1167]
Event: 11.378 Thread 0x0000000002d1a000 Exception <a 'java/lang/NoSuchFieldError': method resolution failed> (0x00000000eb4eeee0) thrown at [C:\re\workspace\8-2-build-windows-amd64-cygwin\jdk8u152\9742\hotspot\src\share\vm\prims\methodHandles.cpp, line 1167]
Event: 11.472 Thread 0x0000000002d1a000 Exception <a 'java/io/FileNotFoundException'> (0x00000000eb75a420) thrown at [C:\re\workspace\8-2-build-windows-amd64-cygwin\jdk8u152\9742\hotspot\src\share\vm\prims\jni.cpp, line 709]
Event: 11.605 Thread 0x0000000002d1a000 Implicit null exception at 0x000000000330046c to 0x0000000003301049
Event: 11.608 Thread 0x0000000002d1a000 Implicit null exception at 0x0000000002fb8296 to 0x0000000002fb861d
Event: 11.609 Thread 0x0000000002d1a000 Implicit null exception at 0x0000000002fad316 to 0x0000000002fad699
Event: 11.615 Thread 0x0000000002d1a000 Implicit null exception at 0x00000000030b6095 to 0x00000000030b626d
Event: 11.615 Thread 0x0000000002d1a000 Implicit null exception at 0x00000000033d1498 to 0x00000000033d1526
Event: 11.618 Thread 0x0000000002d1a000 Implicit null exception at 0x0000000002f8ae2f to 0x0000000002f8ae99

Events (10 events):
Event: 20.492 Executing VM operation: ParallelGCFailedAllocation
Event: 20.493 Executing VM operation: ParallelGCFailedAllocation done
Event: 20.969 Executing VM operation: ParallelGCFailedAllocation
Event: 20.970 Executing VM operation: ParallelGCFailedAllocation done
Event: 21.300 Executing VM operation: ParallelGCFailedAllocation
Event: 21.302 Executing VM operation: ParallelGCFailedAllocation done
Event: 21.638 Executing VM operation: ParallelGCFailedAllocation
Event: 21.640 Executing VM operation: ParallelGCFailedAllocation done
Event: 22.159 Executing VM operation: ParallelGCFailedAllocation
Event: 22.160 Executing VM operation: ParallelGCFailedAllocation done


Dynamic libraries:
0x00007ff61b080000 - 0x00007ff61b0b7000 	C:\Program Files\Java\jdk1.8.0_152\bin\javaw.exe
0x00007ffc88f10000 - 0x00007ffc890f1000 	C:\WINDOWS\SYSTEM32\ntdll.dll
0x00007ffc863d0000 - 0x00007ffc86482000 	C:\WINDOWS\System32\KERNEL32.DLL
0x00007ffc85340000 - 0x00007ffc855b3000 	C:\WINDOWS\System32\KERNELBASE.dll
0x00007ffc86630000 - 0x00007ffc866d1000 	C:\WINDOWS\System32\ADVAPI32.dll
0x00007ffc88030000 - 0x00007ffc880ce000 	C:\WINDOWS\System32\msvcrt.dll
0x00007ffc87ee0000 - 0x00007ffc87f3b000 	C:\WINDOWS\System32\sechost.dll
0x00007ffc88b10000 - 0x00007ffc88c34000 	C:\WINDOWS\System32\RPCRT4.dll
0x00007ffc88d20000 - 0x00007ffc88eb0000 	C:\WINDOWS\System32\USER32.dll
0x00007ffc858b0000 - 0x00007ffc858d0000 	C:\WINDOWS\System32\win32u.dll
0x00007ffc88c40000 - 0x00007ffc88c68000 	C:\WINDOWS\System32\GDI32.dll
0x00007ffc859f0000 - 0x00007ffc85b82000 	C:\WINDOWS\System32\gdi32full.dll
0x00007ffc85950000 - 0x00007ffc859ef000 	C:\WINDOWS\System32\msvcp_win.dll
0x00007ffc85b90000 - 0x00007ffc85c8a000 	C:\WINDOWS\System32\ucrtbase.dll
0x00007ffc785d0000 - 0x00007ffc78839000 	C:\WINDOWS\WinSxS\amd64_microsoft.windows.common-controls_6595b64144ccf1df_6.0.17134.228_none_fb4599993062b194\COMCTL32.dll
0x00007ffc882d0000 - 0x00007ffc885f3000 	C:\WINDOWS\System32\combase.dll
0x00007ffc858d0000 - 0x00007ffc8594a000 	C:\WINDOWS\System32\bcryptPrimitives.dll
0x00007ffc863a0000 - 0x00007ffc863cd000 	C:\WINDOWS\System32\IMM32.DLL
0x0000000056030000 - 0x0000000056102000 	C:\Program Files\Java\jdk1.8.0_152\jre\bin\msvcr100.dll
0x0000000055790000 - 0x0000000056030000 	C:\Program Files\Java\jdk1.8.0_152\jre\bin\server\jvm.dll
0x00007ffc88ed0000 - 0x00007ffc88ed8000 	C:\WINDOWS\System32\PSAPI.DLL
0x00007ffc82de0000 - 0x00007ffc82dea000 	C:\WINDOWS\SYSTEM32\VERSION.dll
0x00007ffc80c90000 - 0x00007ffc80cb3000 	C:\WINDOWS\SYSTEM32\WINMM.dll
0x00007ffc80b70000 - 0x00007ffc80b79000 	C:\WINDOWS\SYSTEM32\WSOCK32.dll
0x00007ffc881c0000 - 0x00007ffc8822c000 	C:\WINDOWS\System32\ws2_32.DLL
0x00007ffc80c60000 - 0x00007ffc80c8a000 	C:\WINDOWS\SYSTEM32\WINMMBASE.dll
0x00007ffc85860000 - 0x00007ffc858a9000 	C:\WINDOWS\System32\cfgmgr32.dll
0x0000000055780000 - 0x000000005578f000 	C:\Program Files\Java\jdk1.8.0_152\jre\bin\verify.dll
0x0000000055750000 - 0x0000000055779000 	C:\Program Files\Java\jdk1.8.0_152\jre\bin\java.dll
0x0000000055730000 - 0x0000000055746000 	C:\Program Files\Java\jdk1.8.0_152\jre\bin\zip.dll
0x00007ffc866e0000 - 0x00007ffc87b20000 	C:\WINDOWS\System32\SHELL32.dll
0x00007ffc88c70000 - 0x00007ffc88d19000 	C:\WINDOWS\System32\shcore.dll
0x00007ffc85c90000 - 0x00007ffc8639d000 	C:\WINDOWS\System32\windows.storage.dll
0x00007ffc88a50000 - 0x00007ffc88aa1000 	C:\WINDOWS\System32\shlwapi.dll
0x00007ffc85290000 - 0x00007ffc852a1000 	C:\WINDOWS\System32\kernel.appcore.dll
0x00007ffc85220000 - 0x00007ffc8523f000 	C:\WINDOWS\System32\profapi.dll
0x00007ffc85240000 - 0x00007ffc8528c000 	C:\WINDOWS\System32\powrprof.dll
0x00007ffc852d0000 - 0x00007ffc852da000 	C:\WINDOWS\System32\FLTLIB.DLL
0x00007ffc66b00000 - 0x00007ffc66b51000 	C:\Users\capit\.javacpp\cache\opencv-3.4.2-1.4.2-windows-x86_64.jar\org\bytedeco\javacpp\windows-x86_64\concrt140.dll
0x00007ffc70b30000 - 0x00007ffc70b46000 	C:\WINDOWS\SYSTEM32\VCRUNTIME140.dll
0x00007ffc5af90000 - 0x00007ffc5b03a000 	C:\WINDOWS\SYSTEM32\MSVCP140.dll
0x0000000055710000 - 0x000000005572a000 	C:\Program Files\Java\jdk1.8.0_152\jre\bin\net.dll
0x00007ffc84740000 - 0x00007ffc847a6000 	C:\WINDOWS\system32\mswsock.dll
0x00000000556f0000 - 0x0000000055701000 	C:\Program Files\Java\jdk1.8.0_152\jre\bin\nio.dll
0x00007ffc489c0000 - 0x00007ffc48a5d000 	C:\Users\capit\.javacpp\cache\opencv-3.4.2-1.4.2-windows-x86_64.jar\org\bytedeco\javacpp\windows-x86_64\msvcp140.dll
0x00007ffc70b10000 - 0x00007ffc70b27000 	C:\Users\capit\.javacpp\cache\opencv-3.4.2-1.4.2-windows-x86_64.jar\org\bytedeco\javacpp\windows-x86_64\vcruntime140.dll
0x0000000002b50000 - 0x0000000002b53000 	C:\Users\capit\.javacpp\cache\opencv-3.4.2-1.4.2-windows-x86_64.jar\org\bytedeco\javacpp\windows-x86_64\api-ms-win-crt-locale-l1-1-0.dll
0x0000000002b60000 - 0x0000000002b64000 	C:\Users\capit\.javacpp\cache\opencv-3.4.2-1.4.2-windows-x86_64.jar\org\bytedeco\javacpp\windows-x86_64\api-ms-win-crt-string-l1-1-0.dll
0x0000000002b70000 - 0x0000000002b74000 	C:\Users\capit\.javacpp\cache\opencv-3.4.2-1.4.2-windows-x86_64.jar\org\bytedeco\javacpp\windows-x86_64\api-ms-win-crt-stdio-l1-1-0.dll
0x0000000002b80000 - 0x0000000002b85000 	C:\Users\capit\.javacpp\cache\opencv-3.4.2-1.4.2-windows-x86_64.jar\org\bytedeco\javacpp\windows-x86_64\api-ms-win-crt-math-l1-1-0.dll
0x0000000002b90000 - 0x0000000002b93000 	C:\Users\capit\.javacpp\cache\opencv-3.4.2-1.4.2-windows-x86_64.jar\org\bytedeco\javacpp\windows-x86_64\api-ms-win-crt-heap-l1-1-0.dll
0x0000000002ba0000 - 0x0000000002ba4000 	C:\Users\capit\.javacpp\cache\opencv-3.4.2-1.4.2-windows-x86_64.jar\org\bytedeco\javacpp\windows-x86_64\api-ms-win-crt-runtime-l1-1-0.dll
0x0000000002bb0000 - 0x0000000002bb4000 	C:\Users\capit\.javacpp\cache\opencv-3.4.2-1.4.2-windows-x86_64.jar\org\bytedeco\javacpp\windows-x86_64\api-ms-win-crt-convert-l1-1-0.dll
0x0000000002bc0000 - 0x0000000002bc3000 	C:\Users\capit\.javacpp\cache\opencv-3.4.2-1.4.2-windows-x86_64.jar\org\bytedeco\javacpp\windows-x86_64\api-ms-win-crt-environment-l1-1-0.dll
0x0000000002bd0000 - 0x0000000002bd3000 	C:\Users\capit\.javacpp\cache\opencv-3.4.2-1.4.2-windows-x86_64.jar\org\bytedeco\javacpp\windows-x86_64\api-ms-win-crt-time-l1-1-0.dll
0x0000000002be0000 - 0x0000000002be3000 	C:\Users\capit\.javacpp\cache\opencv-3.4.2-1.4.2-windows-x86_64.jar\org\bytedeco\javacpp\windows-x86_64\api-ms-win-crt-filesystem-l1-1-0.dll
0x0000000002bf0000 - 0x0000000002bf3000 	C:\Users\capit\.javacpp\cache\opencv-3.4.2-1.4.2-windows-x86_64.jar\org\bytedeco\javacpp\windows-x86_64\api-ms-win-crt-utility-l1-1-0.dll
0x000000001ace0000 - 0x000000001ace5000 	C:\Users\capit\.javacpp\cache\opencv-3.4.2-1.4.2-windows-x86_64.jar\org\bytedeco\javacpp\windows-x86_64\api-ms-win-crt-multibyte-l1-1-0.dll
0x00007ffc46970000 - 0x00007ffc46c74000 	C:\Users\capit\.javacpp\cache\opencv-3.4.2-1.4.2-windows-x86_64.jar\org\bytedeco\javacpp\windows-x86_64\opencv_core342.dll
0x00007ffc45150000 - 0x00007ffc4556c000 	C:\Users\capit\.javacpp\cache\opencv-3.4.2-1.4.2-windows-x86_64.jar\org\bytedeco\javacpp\windows-x86_64\opencv_imgproc342.dll
0x00007ffc44db0000 - 0x00007ffc45142000 	C:\Users\capit\.javacpp\cache\opencv-3.4.2-1.4.2-windows-x86_64.jar\org\bytedeco\javacpp\windows-x86_64\jniopencv_core.dll
0x00007ffc46810000 - 0x00007ffc46968000 	C:\Users\capit\.javacpp\cache\opencv-3.4.2-1.4.2-windows-x86_64.jar\org\bytedeco\javacpp\windows-x86_64\jniopencv_imgproc.dll
0x00007ffc44ac0000 - 0x00007ffc44da4000 	C:\Users\capit\.javacpp\cache\opencv-3.4.2-1.4.2-windows-x86_64.jar\org\bytedeco\javacpp\windows-x86_64\opencv_imgcodecs342.dll
0x00007ffc6f040000 - 0x00007ffc6f074000 	C:\Users\capit\.javacpp\cache\opencv-3.4.2-1.4.2-windows-x86_64.jar\org\bytedeco\javacpp\windows-x86_64\jniopencv_imgcodecs.dll
0x00007ffc5c960000 - 0x00007ffc5c9de000 	C:\Users\capit\.javacpp\cache\opencv-3.4.2-1.4.2-windows-x86_64.jar\org\bytedeco\javacpp\windows-x86_64\opencv_videoio342.dll
0x00007ffc87d20000 - 0x00007ffc87e71000 	C:\WINDOWS\System32\ole32.dll
0x00007ffc7e9d0000 - 0x00007ffc7e9f9000 	C:\WINDOWS\SYSTEM32\MSVFW32.dll
0x00007ffc87f40000 - 0x00007ffc88002000 	C:\WINDOWS\System32\OLEAUT32.dll
0x00007ffc6fda0000 - 0x00007ffc6fdbf000 	C:\WINDOWS\SYSTEM32\AVIFIL32.dll
0x00007ffc6fb20000 - 0x00007ffc6fb38000 	C:\WINDOWS\SYSTEM32\AVICAP32.dll
0x00007ffc5b420000 - 0x00007ffc5b518000 	C:\WINDOWS\SYSTEM32\MFReadWrite.dll
0x00007ffc5b600000 - 0x00007ffc5b67b000 	C:\WINDOWS\SYSTEM32\MF.dll
0x00007ffc6f010000 - 0x00007ffc6f02c000 	C:\WINDOWS\SYSTEM32\MSACM32.dll
0x00007ffc65410000 - 0x00007ffc655eb000 	C:\WINDOWS\SYSTEM32\MFPlat.DLL
0x00007ffc5a760000 - 0x00007ffc5ab8e000 	C:\WINDOWS\SYSTEM32\MFCORE.DLL
0x00007ffc855c0000 - 0x00007ffc857a2000 	C:\WINDOWS\System32\CRYPT32.dll
0x00007ffc852b0000 - 0x00007ffc852c2000 	C:\WINDOWS\System32\MSASN1.dll
0x00007ffc78420000 - 0x00007ffc78429000 	C:\WINDOWS\SYSTEM32\ksuser.dll
0x00007ffc84d40000 - 0x00007ffc84d65000 	C:\WINDOWS\SYSTEM32\bcrypt.dll
0x00007ffc848f0000 - 0x00007ffc848fb000 	C:\WINDOWS\SYSTEM32\CRYPTBASE.DLL
0x00007ffc76800000 - 0x00007ffc7682e000 	C:\WINDOWS\SYSTEM32\RTWorkQ.DLL
0x00007ffc6b2a0000 - 0x00007ffc6b2bf000 	C:\Users\capit\.javacpp\cache\opencv-3.4.2-1.4.2-windows-x86_64.jar\org\bytedeco\javacpp\windows-x86_64\jniopencv_videoio.dll
0x00007ffc63410000 - 0x00007ffc63446000 	C:\Users\capit\.javacpp\cache\opencv-3.4.2-1.4.2-windows-x86_64.jar\org\bytedeco\javacpp\windows-x86_64\opencv_highgui342.dll
0x00007ffc880d0000 - 0x00007ffc881bd000 	C:\WINDOWS\System32\COMDLG32.dll
0x00007ffc5c820000 - 0x00007ffc5c870000 	C:\Users\capit\.javacpp\cache\opencv-3.4.2-1.4.2-windows-x86_64.jar\org\bytedeco\javacpp\windows-x86_64\jniopencv_highgui.dll
0x00007ffc5b700000 - 0x00007ffc5b788000 	C:\Users\capit\.javacpp\cache\opencv-3.4.2-1.4.2-windows-x86_64.jar\org\bytedeco\javacpp\windows-x86_64\opencv_flann342.dll
0x00007ffc5c7f0000 - 0x00007ffc5c818000 	C:\Users\capit\.javacpp\cache\opencv-3.4.2-1.4.2-windows-x86_64.jar\org\bytedeco\javacpp\windows-x86_64\jniopencv_flann.dll
0x00007ffc46190000 - 0x00007ffc4625b000 	C:\Users\capit\.javacpp\cache\opencv-3.4.2-1.4.2-windows-x86_64.jar\org\bytedeco\javacpp\windows-x86_64\opencv_ml342.dll
0x00007ffc467a0000 - 0x00007ffc46805000 	C:\Users\capit\.javacpp\cache\opencv-3.4.2-1.4.2-windows-x86_64.jar\org\bytedeco\javacpp\windows-x86_64\jniopencv_ml.dll
0x00007ffc45870000 - 0x00007ffc4594d000 	C:\Users\capit\.javacpp\cache\opencv-3.4.2-1.4.2-windows-x86_64.jar\org\bytedeco\javacpp\windows-x86_64\opencv_features2d342.dll
0x00007ffc45800000 - 0x00007ffc45866000 	C:\Users\capit\.javacpp\cache\opencv-3.4.2-1.4.2-windows-x86_64.jar\org\bytedeco\javacpp\windows-x86_64\jniopencv_features2d.dll
0x00007ffc448b0000 - 0x00007ffc44ab3000 	C:\Users\capit\.javacpp\cache\opencv-3.4.2-1.4.2-windows-x86_64.jar\org\bytedeco\javacpp\windows-x86_64\opencv_calib3d342.dll
0x00007ffc447b0000 - 0x00007ffc448aa000 	C:\Users\capit\.javacpp\cache\opencv-3.4.2-1.4.2-windows-x86_64.jar\org\bytedeco\javacpp\windows-x86_64\jniopencv_calib3d.dll
0x00007ffc44700000 - 0x00007ffc447a8000 	C:\Users\capit\.javacpp\cache\opencv-3.4.2-1.4.2-windows-x86_64.jar\org\bytedeco\javacpp\windows-x86_64\opencv_aruco342.dll
0x00007ffc44630000 - 0x00007ffc446f1000 	C:\Users\capit\.javacpp\cache\opencv-3.4.2-1.4.2-windows-x86_64.jar\org\bytedeco\javacpp\windows-x86_64\jniopencv_aruco.dll
0x00007ffc445a0000 - 0x00007ffc44622000 	C:\Users\capit\.javacpp\cache\opencv-3.4.2-1.4.2-windows-x86_64.jar\org\bytedeco\javacpp\windows-x86_64\opencv_video342.dll
0x00007ffc48050000 - 0x00007ffc4809e000 	C:\Users\capit\.javacpp\cache\opencv-3.4.2-1.4.2-windows-x86_64.jar\org\bytedeco\javacpp\windows-x86_64\jniopencv_video.dll
0x00007ffc457a0000 - 0x00007ffc457fb000 	C:\Users\capit\.javacpp\cache\opencv-3.4.2-1.4.2-windows-x86_64.jar\org\bytedeco\javacpp\windows-x86_64\opencv_bgsegm342.dll
0x00007ffc68840000 - 0x00007ffc68860000 	C:\Users\capit\.javacpp\cache\opencv-3.4.2-1.4.2-windows-x86_64.jar\org\bytedeco\javacpp\windows-x86_64\jniopencv_bgsegm.dll
0x00007ffc44540000 - 0x00007ffc4459a000 	C:\Users\capit\.javacpp\cache\opencv-3.4.2-1.4.2-windows-x86_64.jar\org\bytedeco\javacpp\windows-x86_64\opencv_bioinspired342.dll
0x00007ffc5c150000 - 0x00007ffc5c174000 	C:\Users\capit\.javacpp\cache\opencv-3.4.2-1.4.2-windows-x86_64.jar\org\bytedeco\javacpp\windows-x86_64\jniopencv_bioinspired.dll
0x00007ffc5ba80000 - 0x00007ffc5baaa000 	C:\Users\capit\.javacpp\cache\opencv-3.4.2-1.4.2-windows-x86_64.jar\org\bytedeco\javacpp\windows-x86_64\opencv_plot342.dll
0x00007ffc63290000 - 0x00007ffc632a5000 	C:\Users\capit\.javacpp\cache\opencv-3.4.2-1.4.2-windows-x86_64.jar\org\bytedeco\javacpp\windows-x86_64\jniopencv_plot.dll
0x00007ffc440b0000 - 0x00007ffc44540000 	C:\Users\capit\.javacpp\cache\opencv-3.4.2-1.4.2-windows-x86_64.jar\org\bytedeco\javacpp\windows-x86_64\opencv_dnn342.dll
0x00007ffc44030000 - 0x00007ffc440af000 	C:\Users\capit\.javacpp\cache\opencv-3.4.2-1.4.2-windows-x86_64.jar\org\bytedeco\javacpp\windows-x86_64\jniopencv_dnn.dll
0x00007ffc43dc0000 - 0x00007ffc4402c000 	C:\Users\capit\.javacpp\cache\opencv-3.4.2-1.4.2-windows-x86_64.jar\org\bytedeco\javacpp\windows-x86_64\opencv_tracking342.dll
0x00007ffc43d30000 - 0x00007ffc43db2000 	C:\Users\capit\.javacpp\cache\opencv-3.4.2-1.4.2-windows-x86_64.jar\org\bytedeco\javacpp\windows-x86_64\jniopencv_tracking.dll
0x00007ffc43c90000 - 0x00007ffc43d2d000 	C:\Users\capit\.javacpp\cache\opencv-3.4.2-1.4.2-windows-x86_64.jar\org\bytedeco\javacpp\windows-x86_64\opencv_objdetect342.dll
0x00007ffc43c10000 - 0x00007ffc43c8b000 	C:\Users\capit\.javacpp\cache\opencv-3.4.2-1.4.2-windows-x86_64.jar\org\bytedeco\javacpp\windows-x86_64\jniopencv_objdetect.dll
0x00007ffc43b10000 - 0x00007ffc43c08000 	C:\Users\capit\.javacpp\cache\opencv-3.4.2-1.4.2-windows-x86_64.jar\org\bytedeco\javacpp\windows-x86_64\opencv_photo342.dll
0x00007ffc43810000 - 0x00007ffc43863000 	C:\Users\capit\.javacpp\cache\opencv-3.4.2-1.4.2-windows-x86_64.jar\org\bytedeco\javacpp\windows-x86_64\jniopencv_photo.dll
0x00007ffc43730000 - 0x00007ffc4380a000 	C:\Users\capit\.javacpp\cache\opencv-3.4.2-1.4.2-windows-x86_64.jar\org\bytedeco\javacpp\windows-x86_64\opencv_face342.dll
0x00007ffc436d0000 - 0x00007ffc43722000 	C:\Users\capit\.javacpp\cache\opencv-3.4.2-1.4.2-windows-x86_64.jar\org\bytedeco\javacpp\windows-x86_64\jniopencv_face.dll
0x00007ffc5b680000 - 0x00007ffc5b6ba000 	C:\Users\capit\.javacpp\cache\opencv-3.4.2-1.4.2-windows-x86_64.jar\org\bytedeco\javacpp\windows-x86_64\opencv_img_hash342.dll
0x00007ffc62cf0000 - 0x00007ffc62d0b000 	C:\Users\capit\.javacpp\cache\opencv-3.4.2-1.4.2-windows-x86_64.jar\org\bytedeco\javacpp\windows-x86_64\jniopencv_img_hash.dll
0x00007ffc5aeb0000 - 0x00007ffc5aede000 	C:\Users\capit\.javacpp\cache\opencv-3.4.2-1.4.2-windows-x86_64.jar\org\bytedeco\javacpp\windows-x86_64\opencv_phase_unwrapping342.dll
0x00007ffc61540000 - 0x00007ffc61555000 	C:\Users\capit\.javacpp\cache\opencv-3.4.2-1.4.2-windows-x86_64.jar\org\bytedeco\javacpp\windows-x86_64\jniopencv_phase_unwrapping.dll
0x00007ffc43ac0000 - 0x00007ffc43b0b000 	C:\Users\capit\.javacpp\cache\opencv-3.4.2-1.4.2-windows-x86_64.jar\org\bytedeco\javacpp\windows-x86_64\opencv_structured_light342.dll
0x00007ffc5ad40000 - 0x00007ffc5ad6a000 	C:\Users\capit\.javacpp\cache\opencv-3.4.2-1.4.2-windows-x86_64.jar\org\bytedeco\javacpp\windows-x86_64\jniopencv_structured_light.dll
0x00007ffc43550000 - 0x00007ffc436c2000 	C:\Users\capit\.javacpp\cache\opencv-3.4.2-1.4.2-windows-x86_64.jar\org\bytedeco\javacpp\windows-x86_64\opencv_text342.dll
0x00007ffc434b0000 - 0x00007ffc43544000 	C:\Users\capit\.javacpp\cache\opencv-3.4.2-1.4.2-windows-x86_64.jar\org\bytedeco\javacpp\windows-x86_64\jniopencv_text.dll
0x00007ffc43450000 - 0x00007ffc434a7000 	C:\Users\capit\.javacpp\cache\opencv-3.4.2-1.4.2-windows-x86_64.jar\org\bytedeco\javacpp\windows-x86_64\opencv_shape342.dll
0x00007ffc497e0000 - 0x00007ffc49801000 	C:\Users\capit\.javacpp\cache\opencv-3.4.2-1.4.2-windows-x86_64.jar\org\bytedeco\javacpp\windows-x86_64\jniopencv_shape.dll
0x00007ffc43160000 - 0x00007ffc43449000 	C:\Users\capit\.javacpp\cache\opencv-3.4.2-1.4.2-windows-x86_64.jar\org\bytedeco\javacpp\windows-x86_64\opencv_xfeatures2d342.dll
0x00007ffc43120000 - 0x00007ffc4315c000 	C:\Users\capit\.javacpp\cache\opencv-3.4.2-1.4.2-windows-x86_64.jar\org\bytedeco\javacpp\windows-x86_64\jniopencv_xfeatures2d.dll
0x00007ffc42730000 - 0x00007ffc42996000 	C:\Users\capit\.javacpp\cache\opencv-3.4.2-1.4.2-windows-x86_64.jar\org\bytedeco\javacpp\windows-x86_64\opencv_ximgproc342.dll
0x00007ffc430c0000 - 0x00007ffc43112000 	C:\Users\capit\.javacpp\cache\opencv-3.4.2-1.4.2-windows-x86_64.jar\org\bytedeco\javacpp\windows-x86_64\jniopencv_ximgproc.dll
0x00007ffc43010000 - 0x00007ffc430bc000 	C:\Users\capit\.javacpp\cache\opencv-3.4.2-1.4.2-windows-x86_64.jar\org\bytedeco\javacpp\windows-x86_64\opencv_xphoto342.dll

VM Arguments:
jvm_args: -Dfile.encoding=UTF-8 
java_command: com.github.object71.cameracontrol.Program
java_class_path (initial): C:\Program Files\Java\jdk1.8.0_152\jre\lib\resources.jar;C:\Program Files\Java\jdk1.8.0_152\jre\lib\rt.jar;C:\Program Files\Java\jdk1.8.0_152\jre\lib\jsse.jar;C:\Program Files\Java\jdk1.8.0_152\jre\lib\jce.jar;C:\Program Files\Java\jdk1.8.0_152\jre\lib\charsets.jar;C:\Program Files\Java\jdk1.8.0_152\jre\lib\jfr.jar;C:\Program Files\Java\jdk1.8.0_152\jre\lib\ext\access-bridge-64.jar;C:\Program Files\Java\jdk1.8.0_152\jre\lib\ext\cldrdata.jar;C:\Program Files\Java\jdk1.8.0_152\jre\lib\ext\dnsns.jar;C:\Program Files\Java\jdk1.8.0_152\jre\lib\ext\jaccess.jar;C:\Program Files\Java\jdk1.8.0_152\jre\lib\ext\jfxrt.jar;C:\Program Files\Java\jdk1.8.0_152\jre\lib\ext\localedata.jar;C:\Program Files\Java\jdk1.8.0_152\jre\lib\ext\nashorn.jar;C:\Program Files\Java\jdk1.8.0_152\jre\lib\ext\sunec.jar;C:\Program Files\Java\jdk1.8.0_152\jre\lib\ext\sunjce_provider.jar;C:\Program Files\Java\jdk1.8.0_152\jre\lib\ext\sunmscapi.jar;C:\Program Files\Java\jdk1.8.0_152\jre\lib\ext\sunpkcs11.jar;C:\Program Files\Java\jdk1.8.0_152\jre\lib\ext\zipfs.jar;C:\Users\capit\git\camera-control\target\classes;C:\Users\capit\.m2\repository\org\bytedeco\javacv-platform\1.4.2\javacv-platform-1.4.2.jar;C:\Users\capit\.m2\repository\org\bytedeco\javacv\1.4.2\javacv-1.4.2.jar;C:\Users\capit\.m2\repository\org\bytedeco\javacpp\1.4.2\javacpp-1.4.2.jar;C:\Users\capit\.m2\repository\org\bytedeco\javacpp-presets\opencv\3.4.2-1.4.2\opencv-3.4.2-1.4.2.jar;C:\Users\capit\.m2\repository\org\bytedeco\javacpp-presets\ffmpeg\4.0.1-1.4.2\ffmpeg-4.0.1-1.4.2.jar;C:\Users\capit\.m2\repository\org\bytedeco\javacpp-presets\flycapture\2.11.3.121-1.4.2\flycapture-2.11.3.121-1.4.2.jar;C:\Users\capit\.m2\repository\org\bytedeco\javacpp-presets\libdc1394\2.2.5-1.4.2\libdc1394-2.2.5-1.4.2.jar;C:\Users\capit\.m2\repository\org\bytedeco\javacpp-presets\libfreenect\0.5.3-1.4.2\libfreenect-0.5.3-1.4.2.jar;C:\Users\capit\.m2\repository\org\bytedeco\javacpp-presets\libfreenect2\0.2.0-1.4.2\libfreenect2-0.2.0
Launcher Type: SUN_STANDARD

Environment Variables:
JAVA_HOME=C:\Program Files\Java\jdk1.8.0_152
PATH=C:/Program Files/Java/jre1.8.0_171/bin/server;C:/Program Files/Java/jre1.8.0_171/bin;C:/Program Files/Java/jre1.8.0_171/lib/amd64;C:\ProgramData\Oracle\Java\javapath;C:\Windows\System32;C:\Windows;C:\Windows\System32\wbem;C:\Windows\System32\WindowsPowerShell\v1.0\;C:\Program Files\Microsoft SQL Server\130\Tools\Binn\;C:\Program Files\dotnet\;C:\Program Files (x86)\GtkSharp\2.12\bin;C:\Program Files\CMake\bin;C:\Program Files\PuTTY\;e:\Program Files\nodejs\;C:\Users\capit\AppData\Local\Microsoft\WindowsApps;C:\Program Files\Java\jdk1.8.0_152\bin;C:\Users\capit\AppData\Local\atom\bin;E:\Program Files\nodejsE:\OpenKM\tomcat-7.0.61\lib\sigar;C:\Program Files\Microsoft\Web Platform Installer\;E:\PHP;C:\Program Files\MySQL\MySQL Utilities 1.6\;C:\ProgramData\ComposerSetup\bin;C:\WINDOWS\system32;C:\WINDOWS;C:\WINDOWS\System32\Wbem;C:\WINDOWS\System32\WindowsPowerShell\v1.0\;C:\Program Files\Microsoft SQL Server\110\Tools\Binn\;C:\Program Files (x86)\Windows Kits\10\Windows Performance Toolkit\;C:\Program Files (x86)\Windows Kits\10\Microsoft Application Virtualization\Sequencer\;C:\Program Files\Git\cmd;C:\Program Files\nodejs\;C:\Program Files\Microsoft VS Code\bin;C:\Users\capit\AppData\Local\Programs\Python\Python36-32\Scripts\;C:\Users\capit\AppData\Local\Programs\Python\Python36-32\;C:\Users\capit\AppData\Local\Microsoft\WindowsApps;C:\Program Files\Java\jdk1.8.0_152\bin;C:\Users\capit\AppData\Local\atom\bin;E:\Program Files\nodejs;C:\Users\capit\AppData\Roaming\Composer\vendor\bin;C:\Program Files\Microsoft VS Code\bin;C:\Users\capit\AppData\Local\Microsoft\WindowsApps;C:\Users\capit\AppData\Roaming\npm;C:\Program Files\SQL Operations Studio\bin;E:\maven\bin;;C:\WINDOWS\system32;
USERNAME=hristo
OS=Windows_NT
PROCESSOR_IDENTIFIER=AMD64 Family 23 Model 1 Stepping 1, AuthenticAMD



---------------  S Y S T E M  ---------------

OS: Windows 10.0 , 64 bit Build 17134 (10.0.17134.1)

CPU:total 8 (initial active 8) (8 cores per cpu, 1 threads per core) family 23 model 1 stepping 1, cmov, cx8, fxsr, mmx, sse, sse2, sse3, ssse3, sse4.1, sse4.2, popcnt, avx, avx2, aes, clmul, mmxext, 3dnowpref, lzcnt, sse4a, tsc, tscinvbit, tscinv, bmi1

Memory: 4k page, physical 4124768k(1028168k free), swap 13037664k(5035248k free)

vm_info: Java HotSpot(TM) 64-Bit Server VM (25.152-b16) for windows-amd64 JRE (1.8.0_152-b16), built on Sep 14 2017 02:29:36 by "java_re" with MS VC++ 10.0 (VS2010)

time: Tue Sep 04 19:40:26 2018
elapsed time: 22 seconds (0d 0h 0m 22s)

